\BOOKMARK [0][-]{chapter.1}{Introduction}{}% 1
\BOOKMARK [0][-]{chapter.2}{Financial theory}{}% 2
\BOOKMARK [1][-]{section.2.1}{Effiecient Market Hypopthesis}{chapter.2}% 3
\BOOKMARK [1][-]{section.2.2}{Arbitrage}{chapter.2}% 4
\BOOKMARK [1][-]{section.2.3}{Assets}{chapter.2}% 5
\BOOKMARK [1][-]{section.2.4}{Derivatives}{chapter.2}% 6
\BOOKMARK [1][-]{section.2.5}{Risk-Neutral Pricing}{chapter.2}% 7
\BOOKMARK [1][-]{section.2.6}{Volatility}{chapter.2}% 8
\BOOKMARK [0][-]{chapter.3}{Monte Carlo Simulation}{}% 9
\BOOKMARK [0][-]{chapter.4}{The Black-Scholes Model}{}% 10
\BOOKMARK [1][-]{section.4.1}{Assumptions}{chapter.4}% 11
\BOOKMARK [1][-]{section.4.2}{The Black-Scholes Partial Differential Equation}{chapter.4}% 12
\BOOKMARK [1][-]{section.4.3}{The Black Scholes Formula for European Options}{chapter.4}% 13
\BOOKMARK [0][-]{chapter.5}{Artificial Neural Networks}{}% 14
\BOOKMARK [1][-]{section.5.1}{Multilayer Perceptron}{chapter.5}% 15
\BOOKMARK [2][-]{subsection.5.1.1}{Activation function}{section.5.1}% 16
\BOOKMARK [2][-]{subsection.5.1.2}{Cost function}{section.5.1}% 17
\BOOKMARK [2][-]{subsection.5.1.3}{Backpropagation}{section.5.1}% 18
\BOOKMARK [2][-]{subsection.5.1.4}{Optimization}{section.5.1}% 19
\BOOKMARK [1][-]{section.5.2}{Generalization}{chapter.5}% 20
\BOOKMARK [1][-]{section.5.3}{Model Setup}{chapter.5}% 21
\BOOKMARK [2][-]{subsection.5.3.1}{Data Calibration}{section.5.3}% 22
\BOOKMARK [2][-]{subsection.5.3.2}{Network Architecture}{section.5.3}% 23
\BOOKMARK [0][-]{chapter.6}{Results and Analysis}{}% 24
\BOOKMARK [0][-]{chapter.7}{Conclusion}{}% 25
